[ 2018-07-27T15:14:53+08:00 ] 36.62.186.170 /User.html
INFO: [ app_init ] --START--
INFO: Run Behavior\BuildLiteBehavior [ RunTime:0.000013s ]
INFO: [ app_init ] --END-- [ RunTime:0.000048s ]
INFO: [ app_begin ] --START--
INFO: Run Behavior\ReadHtmlCacheBehavior [ RunTime:0.000347s ]
INFO: Run Behavior\CheckLangBehavior [ RunTime:0.000502s ]
INFO: [ app_begin ] --END-- [ RunTime:0.000901s ]
SQL: SHOW COLUMNS FROM `pay_user` [ RunTime:0.0005s ]
SQL: SELECT `username` FROM `pay_user` WHERE ( id=83 ) LIMIT 1   [ RunTime:0.0002s ]
SQL: SELECT `websiteid` FROM `pay_user` WHERE ( id=83 ) LIMIT 1   [ RunTime:0.0002s ]
NOTIC: [8] Undefined variable: _userinfo /home/wwwroot/dajiangsrc/Application/User/Controller/UserController.class.php 第 24 行.
SQL: SHOW COLUMNS FROM `pay_loginrecord` [ RunTime:0.0004s ]
SQL: INSERT INTO `pay_loginrecord` (`userid`,`loginip`,`loginaddress`) VALUES ('83','36.62.186.170','安徽省-电信') [ RunTime:0.0028s ]
SQL: SHOW COLUMNS FROM `pay_userverifyinfo` [ RunTime:0.0004s ]
SQL: SELECT `status` FROM `pay_userverifyinfo` WHERE ( userid=83 ) LIMIT 1   [ RunTime:0.0002s ]
INFO: [ view_parse ] --START--
INFO: [ template_filter ] --START--
INFO: Run Behavior\ContentReplaceBehavior [ RunTime:0.000036s ]
INFO: [ template_filter ] --END-- [ RunTime:0.000082s ]
INFO: Run Behavior\ParseTemplateBehavior [ RunTime:0.007304s ]
INFO: [ view_parse ] --END-- [ RunTime:0.007347s ]
INFO: [ view_filter ] --START--
INFO: Run Behavior\WriteHtmlCacheBehavior [ RunTime:0.000156s ]
INFO: Run Behavior\TokenBuildBehavior [ RunTime:0.000288s ]
INFO: [ view_filter ] --END-- [ RunTime:0.000488s ]
INFO: [ app_end ] --START--
INFO: Run Behavior\ShowPageTraceBehavior [ RunTime:0.000363s ]
INFO: [ app_end ] --END-- [ RunTime:0.000387s ]

[ 2018-07-27T15:14:53+08:00 ] 36.62.186.170 /User_Index_defaultindex.html
INFO: [ app_init ] --START--
INFO: Run Behavior\BuildLiteBehavior [ RunTime:0.000011s ]
INFO: [ app_init ] --END-- [ RunTime:0.000048s ]
INFO: [ app_begin ] --START--
INFO: Run Behavior\ReadHtmlCacheBehavior [ RunTime:0.000356s ]
INFO: Run Behavior\CheckLangBehavior [ RunTime:0.000491s ]
INFO: [ app_begin ] --END-- [ RunTime:0.000898s ]
SQL: SHOW COLUMNS FROM `pay_userverifyinfo` [ RunTime:0.0005s ]
SQL: SELECT `status` FROM `pay_userverifyinfo` WHERE ( userid=83 ) LIMIT 1   [ RunTime:0.0002s ]
SQL: SHOW COLUMNS FROM `pay_money` [ RunTime:0.0004s ]
SQL: SELECT `money` FROM `pay_money` WHERE `userid` = 83 LIMIT 1   [ RunTime:0.0002s ]
SQL: SELECT `freezemoney` FROM `pay_money` WHERE ( userid=83 ) LIMIT 1   [ RunTime:0.0001s ]
SQL: SELECT `wallet` FROM `pay_money` WHERE ( userid=83 ) LIMIT 1   [ RunTime:0.0001s ]
SQL: SHOW COLUMNS FROM `pay_userpayapi` [ RunTime:0.0003s ]
SQL: SELECT `payapicontent` FROM `pay_userpayapi` WHERE ( userid=83 ) LIMIT 1   [ RunTime:0.0002s ]
SQL: SHOW COLUMNS FROM `pay_payapi` [ RunTime:0.0003s ]
SQL: SELECT `id`,`zh_payname`,`en_payname` FROM `pay_payapi` WHERE ( en_payname in ('','Pawxsm','Zfbh5','Wgpay','Ylh5','Paqqh5','Esdylwap','Hmh5','') and mode=0 )  [ RunTime:0.0002s ]
SQL: SHOW COLUMNS FROM `pay_apimoney` [ RunTime:0.0005s ]
SQL: SELECT * FROM `pay_apimoney` WHERE ( payapiid=180 and userid=83 ) LIMIT 1   [ RunTime:0.0002s ]
SQL: INSERT INTO `pay_apimoney` (`userid`,`payapiid`) VALUES ('83','180') [ RunTime:0.0030s ]
SQL: SELECT * FROM `pay_apimoney` WHERE ( payapiid=180 and userid=83 ) LIMIT 1   [ RunTime:0.0002s ]
SQL: SELECT `md5key` FROM `pay_userverifyinfo` WHERE `userid` = 83 LIMIT 1   [ RunTime:0.0002s ]
SQL: SHOW COLUMNS FROM `pay_articleclass` [ RunTime:0.0004s ]
SQL: SELECT `id` FROM `pay_articleclass` WHERE ( classname='公告' ) LIMIT 1   [ RunTime:0.0002s ]
SQL: SHOW COLUMNS FROM `pay_article` [ RunTime:0.0005s ]
SQL: SELECT * FROM `pay_article` WHERE ( articleclassid=1 and status = 0 and (jieshouuserlist='0|' or jieshouuserlist like '%83|%') ) ORDER BY datetime desc LIMIT 3   [ RunTime:0.0003s ]
SQL: SHOW COLUMNS FROM `pay_moneychange` [ RunTime:0.0004s ]
SQL: SELECT * FROM `pay_moneychange` WHERE ( userid=83 ) LIMIT 10   [ RunTime:0.0001s ]
INFO: [ view_parse ] --START--
INFO: [ template_filter ] --START--
INFO: Run Behavior\ContentReplaceBehavior [ RunTime:0.000044s ]
INFO: [ template_filter ] --END-- [ RunTime:0.000080s ]
SQL: SHOW COLUMNS FROM `pay_browserecord` [ RunTime:0.0005s ]
SQL: SELECT COUNT(*) AS tp_count FROM `pay_browserecord` WHERE `articleid` = 48 AND `userid` = 83 LIMIT 1   [ RunTime:0.0002s ]
SQL: SELECT COUNT(*) AS tp_count FROM `pay_article` WHERE `id` = 48 AND `jieshouuserlist` LIKE '%\" . session(\"userid\") . \"|%' LIMIT 1   [ RunTime:0.0002s ]
SQL: SELECT COUNT(*) AS tp_count FROM `pay_browserecord` WHERE `articleid` = 47 AND `userid` = 83 LIMIT 1   [ RunTime:0.0002s ]
SQL: SELECT COUNT(*) AS tp_count FROM `pay_article` WHERE `id` = 47 AND `jieshouuserlist` LIKE '%\" . session(\"userid\") . \"|%' LIMIT 1   [ RunTime:0.0002s ]
SQL: SELECT COUNT(*) AS tp_count FROM `pay_browserecord` WHERE `articleid` = 45 AND `userid` = 83 LIMIT 1   [ RunTime:0.0001s ]
SQL: SELECT COUNT(*) AS tp_count FROM `pay_article` WHERE `id` = 45 AND `jieshouuserlist` LIKE '%\" . session(\"userid\") . \"|%' LIMIT 1   [ RunTime:0.0001s ]
INFO: Run Behavior\ParseTemplateBehavior [ RunTime:0.011128s ]
INFO: [ view_parse ] --END-- [ RunTime:0.011165s ]
INFO: [ view_filter ] --START--
INFO: Run Behavior\WriteHtmlCacheBehavior [ RunTime:0.000190s ]
INFO: Run Behavior\TokenBuildBehavior [ RunTime:0.000324s ]
INFO: [ view_filter ] --END-- [ RunTime:0.000552s ]
INFO: [ app_end ] --START--
INFO: Run Behavior\ShowPageTraceBehavior [ RunTime:0.000372s ]
INFO: [ app_end ] --END-- [ RunTime:0.000397s ]

[ 2018-07-27T19:30:04+08:00 ] 36.62.186.170 /User.html
INFO: [ app_init ] --START--
INFO: Run Behavior\BuildLiteBehavior [ RunTime:0.000010s ]
INFO: [ app_init ] --END-- [ RunTime:0.000046s ]
INFO: [ app_begin ] --START--
INFO: Run Behavior\ReadHtmlCacheBehavior [ RunTime:0.000342s ]
INFO: Run Behavior\CheckLangBehavior [ RunTime:0.000510s ]
INFO: [ app_begin ] --END-- [ RunTime:0.000904s ]
SQL: SHOW COLUMNS FROM `pay_userverifyinfo` [ RunTime:0.0005s ]
SQL: SELECT `status` FROM `pay_userverifyinfo` WHERE ( userid=83 ) LIMIT 1   [ RunTime:0.0002s ]
INFO: [ view_parse ] --START--
INFO: [ template_filter ] --START--
INFO: Run Behavior\ContentReplaceBehavior [ RunTime:0.000035s ]
INFO: [ template_filter ] --END-- [ RunTime:0.000069s ]
INFO: Run Behavior\ParseTemplateBehavior [ RunTime:0.007250s ]
INFO: [ view_parse ] --END-- [ RunTime:0.007280s ]
INFO: [ view_filter ] --START--
INFO: Run Behavior\WriteHtmlCacheBehavior [ RunTime:0.000156s ]
INFO: Run Behavior\TokenBuildBehavior [ RunTime:0.000296s ]
INFO: [ view_filter ] --END-- [ RunTime:0.000489s ]
INFO: [ app_end ] --START--
INFO: Run Behavior\ShowPageTraceBehavior [ RunTime:0.000385s ]
INFO: [ app_end ] --END-- [ RunTime:0.000413s ]

[ 2018-07-27T19:30:04+08:00 ] 36.62.186.170 /User_Index_defaultindex.html
INFO: [ app_init ] --START--
INFO: Run Behavior\BuildLiteBehavior [ RunTime:0.000012s ]
INFO: [ app_init ] --END-- [ RunTime:0.000047s ]
INFO: [ app_begin ] --START--
INFO: Run Behavior\ReadHtmlCacheBehavior [ RunTime:0.000363s ]
INFO: Run Behavior\CheckLangBehavior [ RunTime:0.000512s ]
INFO: [ app_begin ] --END-- [ RunTime:0.000928s ]
SQL: SHOW COLUMNS FROM `pay_userverifyinfo` [ RunTime:0.0005s ]
SQL: SELECT `status` FROM `pay_userverifyinfo` WHERE ( userid=83 ) LIMIT 1   [ RunTime:0.0002s ]
SQL: SHOW COLUMNS FROM `pay_money` [ RunTime:0.0004s ]
SQL: SELECT `money` FROM `pay_money` WHERE `userid` = 83 LIMIT 1   [ RunTime:0.0002s ]
SQL: SELECT `freezemoney` FROM `pay_money` WHERE ( userid=83 ) LIMIT 1   [ RunTime:0.0001s ]
SQL: SELECT `wallet` FROM `pay_money` WHERE ( userid=83 ) LIMIT 1   [ RunTime:0.0001s ]
SQL: SHOW COLUMNS FROM `pay_userpayapi` [ RunTime:0.0003s ]
SQL: SELECT `payapicontent` FROM `pay_userpayapi` WHERE ( userid=83 ) LIMIT 1   [ RunTime:0.0002s ]
SQL: SHOW COLUMNS FROM `pay_payapi` [ RunTime:0.0003s ]
SQL: SELECT `id`,`zh_payname`,`en_payname` FROM `pay_payapi` WHERE ( en_payname in ('','Pawxsm','Zfbh5','Wgpay','Ylh5','Paqqh5','Esdylwap','Hmh5','') and mode=0 )  [ RunTime:0.0002s ]
SQL: SHOW COLUMNS FROM `pay_apimoney` [ RunTime:0.0005s ]
SQL: SELECT * FROM `pay_apimoney` WHERE ( payapiid=180 and userid=83 ) LIMIT 1   [ RunTime:0.0002s ]
SQL: SELECT `md5key` FROM `pay_userverifyinfo` WHERE `userid` = 83 LIMIT 1   [ RunTime:0.0001s ]
SQL: SHOW COLUMNS FROM `pay_articleclass` [ RunTime:0.0004s ]
SQL: SELECT `id` FROM `pay_articleclass` WHERE ( classname='公告' ) LIMIT 1   [ RunTime:0.0001s ]
SQL: SHOW COLUMNS FROM `pay_article` [ RunTime:0.0004s ]
SQL: SELECT * FROM `pay_article` WHERE ( articleclassid=1 and status = 0 and (jieshouuserlist='0|' or jieshouuserlist like '%83|%') ) ORDER BY datetime desc LIMIT 3   [ RunTime:0.0003s ]
SQL: SHOW COLUMNS FROM `pay_moneychange` [ RunTime:0.0004s ]
SQL: SELECT * FROM `pay_moneychange` WHERE ( userid=83 ) LIMIT 10   [ RunTime:0.0002s ]
INFO: [ view_parse ] --START--
INFO: [ template_filter ] --START--
INFO: Run Behavior\ContentReplaceBehavior [ RunTime:0.000042s ]
INFO: [ template_filter ] --END-- [ RunTime:0.000078s ]
SQL: SHOW COLUMNS FROM `pay_browserecord` [ RunTime:0.0005s ]
SQL: SELECT COUNT(*) AS tp_count FROM `pay_browserecord` WHERE `articleid` = 48 AND `userid` = 83 LIMIT 1   [ RunTime:0.0002s ]
SQL: SELECT COUNT(*) AS tp_count FROM `pay_article` WHERE `id` = 48 AND `jieshouuserlist` LIKE '%\" . session(\"userid\") . \"|%' LIMIT 1   [ RunTime:0.0002s ]
SQL: SELECT COUNT(*) AS tp_count FROM `pay_browserecord` WHERE `articleid` = 47 AND `userid` = 83 LIMIT 1   [ RunTime:0.0001s ]
SQL: SELECT COUNT(*) AS tp_count FROM `pay_article` WHERE `id` = 47 AND `jieshouuserlist` LIKE '%\" . session(\"userid\") . \"|%' LIMIT 1   [ RunTime:0.0001s ]
SQL: SELECT COUNT(*) AS tp_count FROM `pay_browserecord` WHERE `articleid` = 45 AND `userid` = 83 LIMIT 1   [ RunTime:0.0001s ]
SQL: SELECT COUNT(*) AS tp_count FROM `pay_article` WHERE `id` = 45 AND `jieshouuserlist` LIKE '%\" . session(\"userid\") . \"|%' LIMIT 1   [ RunTime:0.0002s ]
INFO: Run Behavior\ParseTemplateBehavior [ RunTime:0.011074s ]
INFO: [ view_parse ] --END-- [ RunTime:0.011102s ]
INFO: [ view_filter ] --START--
INFO: Run Behavior\WriteHtmlCacheBehavior [ RunTime:0.000187s ]
INFO: Run Behavior\TokenBuildBehavior [ RunTime:0.000320s ]
INFO: [ view_filter ] --END-- [ RunTime:0.000548s ]
INFO: [ app_end ] --START--
INFO: Run Behavior\ShowPageTraceBehavior [ RunTime:0.000421s ]
INFO: [ app_end ] --END-- [ RunTime:0.000452s ]

