[ 2018-07-26T21:26:17+08:00 ] 36.62.222.92 /Pay_Index.html
INFO: [ app_init ] --START--
INFO: Run Behavior\BuildLiteBehavior [ RunTime:0.000011s ]
INFO: [ app_init ] --END-- [ RunTime:0.000048s ]
INFO: [ app_begin ] --START--
INFO: Run Behavior\ReadHtmlCacheBehavior [ RunTime:0.000374s ]
INFO: Run Behavior\CheckLangBehavior [ RunTime:0.000522s ]
INFO: [ app_begin ] --END-- [ RunTime:0.000950s ]
SQL: SHOW COLUMNS FROM `pay_user` [ RunTime:0.0005s ]
SQL: SELECT * FROM `pay_user` WHERE `id` = 50 LIMIT 1   [ RunTime:0.0003s ]
SQL: SHOW COLUMNS FROM `pay_userbasicinfo` [ RunTime:0.0004s ]
SQL: SELECT `fullname`,`sex`,`birthday`,`sfznumber`,`phonenumber`,`qqnumber`,`address` FROM `pay_userbasicinfo` WHERE `userid` = 50 LIMIT 1   [ RunTime:0.0002s ]
SQL: SHOW COLUMNS FROM `pay_userpassword` [ RunTime:0.0003s ]
SQL: SELECT `loginpassword`,`paypassword` FROM `pay_userpassword` WHERE `userid` = 50 LIMIT 1   [ RunTime:0.0002s ]
SQL: SHOW COLUMNS FROM `pay_userpayapi` [ RunTime:0.0003s ]
SQL: SELECT `payapicontent`,`defaultpayapi` FROM `pay_userpayapi` WHERE `userid` = 50 LIMIT 1   [ RunTime:0.0002s ]
SQL: SHOW COLUMNS FROM `pay_userpayapizhanghao` [ RunTime:0.0003s ]
SQL: SELECT `payapiid`,`defaultpayapiuserid`,`feilv`,`fengding` FROM `pay_userpayapizhanghao` WHERE `userid` = 50 LIMIT 1   [ RunTime:0.0002s ]
SQL: SHOW COLUMNS FROM `pay_userverifyinfo` [ RunTime:0.0003s ]
SQL: SELECT `uploadsfzzm`,`uploadsfzbm`,`uploadscsfz`,`uploadyhkzm`,`uploadyhkbm`,`uploadyyzz`,`status`,`domain`,`md5key` FROM `pay_userverifyinfo` WHERE `userid` = 50 LIMIT 1   [ RunTime:0.0002s ]
SQL: SHOW COLUMNS FROM `pay_payapi` [ RunTime:0.0003s ]
SQL: SELECT * FROM `pay_payapi` WHERE `en_payname` = 'Zfbh5' LIMIT 1   [ RunTime:0.0002s ]
SQL: SHOW COLUMNS FROM `pay_payapiconfig` [ RunTime:0.0003s ]
SQL: SELECT * FROM `pay_payapiconfig` WHERE `payapiid` = 199 LIMIT 1   [ RunTime:0.0001s ]
SQL: SELECT * FROM `pay_user` WHERE `id` = 50 LIMIT 1   [ RunTime:0.0002s ]
SQL: SELECT `fullname`,`sex`,`birthday`,`sfznumber`,`phonenumber`,`qqnumber`,`address` FROM `pay_userbasicinfo` WHERE `userid` = 50 LIMIT 1   [ RunTime:0.0002s ]
SQL: SELECT `loginpassword`,`paypassword` FROM `pay_userpassword` WHERE `userid` = 50 LIMIT 1   [ RunTime:0.0002s ]
SQL: SELECT `payapicontent`,`defaultpayapi` FROM `pay_userpayapi` WHERE `userid` = 50 LIMIT 1   [ RunTime:0.0001s ]
SQL: SELECT `payapiid`,`defaultpayapiuserid`,`feilv`,`fengding` FROM `pay_userpayapizhanghao` WHERE `userid` = 50 LIMIT 1   [ RunTime:0.0001s ]
SQL: SELECT `uploadsfzzm`,`uploadsfzbm`,`uploadscsfz`,`uploadyhkzm`,`uploadyhkbm`,`uploadyyzz`,`status`,`domain`,`md5key` FROM `pay_userverifyinfo` WHERE `userid` = 50 LIMIT 1   [ RunTime:0.0002s ]
SQL: SHOW COLUMNS FROM `pay_payapi` [ RunTime:0.0003s ]
SQL: SELECT `id` FROM `pay_payapi` WHERE ( en_payname='Zfbh5' ) LIMIT 1   [ RunTime:0.0001s ]
SQL: SELECT * FROM `pay_userpayapizhanghao` WHERE ( userid=50 and payapiid=199 ) LIMIT 1   [ RunTime:0.0002s ]
SQL: SHOW COLUMNS FROM `pay_payapiaccount` [ RunTime:0.0004s ]
SQL: SELECT `id` FROM `pay_payapiaccount` WHERE ( payapiid=199 ) LIMIT 1   [ RunTime:0.0002s ]

[ 2018-07-26T21:26:53+08:00 ] 36.62.222.92 /Pay_Index.html
INFO: [ app_init ] --START--
INFO: Run Behavior\BuildLiteBehavior [ RunTime:0.000013s ]
INFO: [ app_init ] --END-- [ RunTime:0.000048s ]
INFO: [ app_begin ] --START--
INFO: Run Behavior\ReadHtmlCacheBehavior [ RunTime:0.000369s ]
INFO: Run Behavior\CheckLangBehavior [ RunTime:0.000482s ]
INFO: [ app_begin ] --END-- [ RunTime:0.000910s ]
SQL: SHOW COLUMNS FROM `pay_user` [ RunTime:0.0005s ]
SQL: SELECT * FROM `pay_user` WHERE `id` = 50 LIMIT 1   [ RunTime:0.0003s ]
SQL: SHOW COLUMNS FROM `pay_userbasicinfo` [ RunTime:0.0004s ]
SQL: SELECT `fullname`,`sex`,`birthday`,`sfznumber`,`phonenumber`,`qqnumber`,`address` FROM `pay_userbasicinfo` WHERE `userid` = 50 LIMIT 1   [ RunTime:0.0002s ]
SQL: SHOW COLUMNS FROM `pay_userpassword` [ RunTime:0.0003s ]
SQL: SELECT `loginpassword`,`paypassword` FROM `pay_userpassword` WHERE `userid` = 50 LIMIT 1   [ RunTime:0.0002s ]
SQL: SHOW COLUMNS FROM `pay_userpayapi` [ RunTime:0.0003s ]
SQL: SELECT `payapicontent`,`defaultpayapi` FROM `pay_userpayapi` WHERE `userid` = 50 LIMIT 1   [ RunTime:0.0001s ]
SQL: SHOW COLUMNS FROM `pay_userpayapizhanghao` [ RunTime:0.0003s ]
SQL: SELECT `payapiid`,`defaultpayapiuserid`,`feilv`,`fengding` FROM `pay_userpayapizhanghao` WHERE `userid` = 50 LIMIT 1   [ RunTime:0.0002s ]
SQL: SHOW COLUMNS FROM `pay_userverifyinfo` [ RunTime:0.0003s ]
SQL: SELECT `uploadsfzzm`,`uploadsfzbm`,`uploadscsfz`,`uploadyhkzm`,`uploadyhkbm`,`uploadyyzz`,`status`,`domain`,`md5key` FROM `pay_userverifyinfo` WHERE `userid` = 50 LIMIT 1   [ RunTime:0.0002s ]
SQL: SHOW COLUMNS FROM `pay_payapi` [ RunTime:0.0004s ]
SQL: SELECT * FROM `pay_payapi` WHERE `en_payname` = 'Zfbh5' LIMIT 1   [ RunTime:0.0002s ]
SQL: SHOW COLUMNS FROM `pay_payapiconfig` [ RunTime:0.0003s ]
SQL: SELECT * FROM `pay_payapiconfig` WHERE `payapiid` = 199 LIMIT 1   [ RunTime:0.0001s ]
SQL: SELECT * FROM `pay_user` WHERE `id` = 50 LIMIT 1   [ RunTime:0.0002s ]
SQL: SELECT `fullname`,`sex`,`birthday`,`sfznumber`,`phonenumber`,`qqnumber`,`address` FROM `pay_userbasicinfo` WHERE `userid` = 50 LIMIT 1   [ RunTime:0.0002s ]
SQL: SELECT `loginpassword`,`paypassword` FROM `pay_userpassword` WHERE `userid` = 50 LIMIT 1   [ RunTime:0.0001s ]
SQL: SELECT `payapicontent`,`defaultpayapi` FROM `pay_userpayapi` WHERE `userid` = 50 LIMIT 1   [ RunTime:0.0001s ]
SQL: SELECT `payapiid`,`defaultpayapiuserid`,`feilv`,`fengding` FROM `pay_userpayapizhanghao` WHERE `userid` = 50 LIMIT 1   [ RunTime:0.0001s ]
SQL: SELECT `uploadsfzzm`,`uploadsfzbm`,`uploadscsfz`,`uploadyhkzm`,`uploadyhkbm`,`uploadyyzz`,`status`,`domain`,`md5key` FROM `pay_userverifyinfo` WHERE `userid` = 50 LIMIT 1   [ RunTime:0.0001s ]
SQL: SHOW COLUMNS FROM `pay_payapi` [ RunTime:0.0003s ]
SQL: SELECT `id` FROM `pay_payapi` WHERE ( en_payname='Zfbh5' ) LIMIT 1   [ RunTime:0.0001s ]
SQL: SELECT * FROM `pay_userpayapizhanghao` WHERE ( userid=50 and payapiid=199 ) LIMIT 1   [ RunTime:0.0002s ]
SQL: SHOW COLUMNS FROM `pay_payapiaccount` [ RunTime:0.0004s ]
SQL: SELECT `id` FROM `pay_payapiaccount` WHERE ( payapiid=199 ) LIMIT 1   [ RunTime:0.0002s ]
SQL: SELECT * FROM `pay_payapiaccount` WHERE ( id=84 ) LIMIT 1   [ RunTime:0.0002s ]
NOTIC: [8] Undefined index: unlockdomian /home/wwwroot/dajiangsrc/Application/Pay/Controller/PayController.class.php 第 108 行.
SQL: SHOW COLUMNS FROM `pay_order` [ RunTime:0.0004s ]
SQL: SELECT COUNT(*) AS tp_count FROM `pay_order` WHERE ( pay_orderid = '20180726212653' ) LIMIT 1   [ RunTime:0.0002s ]
SQL: SELECT `md5key` FROM `pay_userverifyinfo` WHERE ( userid=50 ) LIMIT 1   [ RunTime:0.0002s ]
SQL: SHOW COLUMNS FROM `pay_systembank` [ RunTime:0.0004s ]
SQL: SELECT `id` FROM `pay_systembank` WHERE ( bankcode='ZFBH5' ) LIMIT 1   [ RunTime:0.0002s ]
SQL: SELECT `bankname` FROM `pay_systembank` WHERE ( bankcode='ZFBH5' ) LIMIT 1   [ RunTime:0.0002s ]
SQL: SELECT `id` FROM `pay_payapiconfig` WHERE ( payapiid=199 ) LIMIT 1   [ RunTime:0.0001s ]
SQL: SHOW COLUMNS FROM `pay_payapibank` [ RunTime:0.0003s ]
SQL: SELECT `bankcode` FROM `pay_payapibank` WHERE ( systembankid = 208 and payapiconfigid = 30 ) LIMIT 1   [ RunTime:0.0003s ]
SQL: INSERT INTO `pay_order` (`pay_memberid`,`pay_orderid`,`pay_amount`,`pay_poundage`,`pay_actualamount`,`pay_applydate`,`pay_bankcode`,`pay_bankname`,`pay_notifyurl`,`pay_callbackurl`,`pay_status`,`pay_tongdao`,`pay_zh_tongdao`,`pay_ytongdao`,`pay_yzh_tongdao`,`pay_tjurl`,`pay_productname`,`pay_productnum`,`pay_productdesc`,`pay_producturl`,`pay_reserved1`,`pay_reserved2`,`pay_reserved3`,`ddlx`,`memberid`,`key`,`account`) VALUES ('10050','20180726212653','100','0','100','1532611613','ZFBH5','支付宝H5','http://vip.zmn1.cn/cashier/server.php','http://vip.zmn1.cn/cashier/page.php','0','Zfbh5','支付宝H5','Zfbh5','支付宝H5','http://vip.zmn1.cn/cashier/pay.php','测试应用-支付功能体验(非商品消费)','','','','','','','0',NULL,NULL,NULL) [ RunTime:0.0023s ]
INFO: [ app_end ] --START--
INFO: Run Behavior\ShowPageTraceBehavior [ RunTime:0.000455s ]
INFO: [ app_end ] --END-- [ RunTime:0.000488s ]

